<?xml version="1.0" encoding="UTF-8"?>
<testng-results ignored="0" total="2" passed="2" failed="0" skipped="0">
  <reporter-output>
  </reporter-output>
  <suite started-at="2025-03-29T06:57:10 GMT" name="Default suite" finished-at="2025-03-29T06:57:17 GMT" duration-ms="7091">
    <groups>
      <group name="cucumber">
        <method signature="AbstractTestNGCucumberTests.runScenario(io.cucumber.testng.PickleWrapper,io.cucumber.testng.FeatureWrapper)[pri:0, instance:bookrunner.DemoRunner@45385f75]" name="runScenario" class="io.cucumber.testng.AbstractTestNGCucumberTests"/>
      </group> <!-- cucumber -->
    </groups>
    <test started-at="2025-03-29T06:57:10 GMT" name="Default test" finished-at="2025-03-29T06:57:17 GMT" duration-ms="7091">
      <class name="bookrunner.DemoRunner">
        <test-method is-config="true" signature="setUpClass(org.testng.ITestContext)[pri:0, instance:bookrunner.DemoRunner@45385f75]" started-at="2025-03-29T06:57:10 GMT" name="setUpClass" finished-at="2025-03-29T06:57:10 GMT" duration-ms="371" status="PASS">
          <params>
            <param index="0">
              <value>
                <![CDATA[org.testng.TestRunner@4721d212]]>
              </value>
            </param>
          </params>
          <reporter-output>
          </reporter-output>
        </test-method> <!-- setUpClass -->
        <test-method signature="runScenario(io.cucumber.testng.PickleWrapper,io.cucumber.testng.FeatureWrapper)[pri:0, instance:bookrunner.DemoRunner@45385f75]" started-at="2025-03-29T06:57:10 GMT" name="runScenario" description="Runs Cucumber Scenarios" data-provider="scenarios" finished-at="2025-03-29T06:57:15 GMT" duration-ms="4554" status="PASS">
          <params>
            <param index="0">
              <value>
                <![CDATA["Launch page icons validations"]]>
              </value>
            </param>
            <param index="1">
              <value>
                <![CDATA["Demoblaze Launch page"]]>
              </value>
            </param>
          </params>
          <reporter-output>
          </reporter-output>
        </test-method> <!-- runScenario -->
        <test-method signature="runScenario(io.cucumber.testng.PickleWrapper,io.cucumber.testng.FeatureWrapper)[pri:0, instance:bookrunner.DemoRunner@45385f75]" started-at="2025-03-29T06:57:10 GMT" name="runScenario" description="Runs Cucumber Scenarios" data-provider="scenarios" finished-at="2025-03-29T06:57:17 GMT" duration-ms="6635" status="PASS">
          <params>
            <param index="0">
              <value>
                <![CDATA["User is able to Login successfully"]]>
              </value>
            </param>
            <param index="1">
              <value>
                <![CDATA["Demoblaze Login page"]]>
              </value>
            </param>
          </params>
          <reporter-output>
          </reporter-output>
        </test-method> <!-- runScenario -->
        <test-method is-config="true" signature="tearDownClass()[pri:0, instance:bookrunner.DemoRunner@45385f75]" started-at="2025-03-29T06:57:17 GMT" name="tearDownClass" finished-at="2025-03-29T06:57:17 GMT" duration-ms="4" status="PASS">
          <reporter-output>
          </reporter-output>
        </test-method> <!-- tearDownClass -->
      </class> <!-- bookrunner.DemoRunner -->
    </test> <!-- Default test -->
  </suite> <!-- Default suite -->
</testng-results>
